C51 COMPILER V9.54   MAIN                                                                  10/07/2021 14:07:18 PAGE 1   


C51 COMPILER V9.54, COMPILATION OF MODULE MAIN
OBJECT MODULE PLACED IN main.OBJ
COMPILER INVOKED BY: D:\Keil_v5_2\C51\BIN\C51.EXE main.c OPTIMIZE(8,SPEED) BROWSE DEBUG OBJECTEXTEND PRINT(.\Listings\ma
                    -in.lst) TABS(2)

line level    source

   1          #include "Delay.h"
   2          #include "LCD1602.h"
   3          #include "MatrixKey.h"
   4          #include <windows.h>
*** WARNING C318 IN LINE 4 OF main.c: can't open file 'windows.h'
   5          
   6          
   7          unsigned char keynumber;
   8          void main()
   9          {
  10   1        LCD_Init();
  11   1        LCD_ShowString(1,1,"Test_Info");
  12   1      
  13   1        while(1)
  14   1        {
  15   2           keynumber = MatrixKey();
  16   2           LCD_ShowString(1,1,"Test_Info");
  17   2           if(keynumber)
  18   2           {
  19   3             LCD_ShowNum(2,1,keynumber,2);
  20   3             Sleep(1000);
*** WARNING C206 IN LINE 20 OF main.c: 'Sleep': missing function-prototype
*** ERROR C267 IN LINE 20 OF main.c: 'Sleep': requires ANSI-style prototype
  21   3           }
  22   2        }
  23   1      }

C51 COMPILATION COMPLETE.  2 WARNING(S),  1 ERROR(S)
