C51 COMPILER V9.54   MAIN                                                                  10/26/2021 19:42:43 PAGE 1   


C51 COMPILER V9.54, COMPILATION OF MODULE MAIN
OBJECT MODULE PLACED IN .\Objects\main.obj
COMPILER INVOKED BY: D:\Keil_v5_2\C51\BIN\C51.EXE main.c OPTIMIZE(8,SPEED) BROWSE DEBUG OBJECTEXTEND PRINT(.\Listings\ma
                    -in.lst) TABS(2) OBJECT(.\Objects\main.obj)

line level    source

   1          #include <REGX52.H>
   2          #include "Delay.h"
   3          #include "UART.h"
   4          
   5          unsigned char Sec;
   6          
   7          
   8          void main()
   9          {
  10   1        // 串口通信代码
  11   1        UART_Init();
  12   1      
  13   1          while(1)
  14   1          {
  15   2            //UART_SendByte(Sec);
  16   2            //Sec++;
  17   2            
  18   2            //Delay(1000);
  19   2          }
  20   1      }
  21          
  22          void UATT_Routine() interrupt 4
  23          {
  24   1        if(RI ==1){
  25   2           P2= SBUF;
  26   2          RI = 0;
  27   2        }
  28   1        
  29   1      }


MODULE INFORMATION:   STATIC OVERLAYABLE
   CODE SIZE        =     14    ----
   CONSTANT SIZE    =   ----    ----
   XDATA SIZE       =   ----    ----
   PDATA SIZE       =   ----    ----
   DATA SIZE        =      1    ----
   IDATA SIZE       =   ----    ----
   BIT SIZE         =   ----    ----
END OF MODULE INFORMATION.


C51 COMPILATION COMPLETE.  0 WARNING(S),  0 ERROR(S)
