C51 COMPILER V9.54   TIMER0                                                                10/24/2021 13:52:53 PAGE 1   


C51 COMPILER V9.54, COMPILATION OF MODULE TIMER0
OBJECT MODULE PLACED IN .\Objects\Timer0.obj
COMPILER INVOKED BY: D:\Keil_v5_2\C51\BIN\C51.EXE Timer0.c OPTIMIZE(8,SPEED) BROWSE DEBUG OBJECTEXTEND PRINT(.\Listings\
                    -Timer0.lst) TABS(2) OBJECT(.\Objects\Timer0.obj)

line level    source

   1          #include "Timer0.h"
   2          
   3          void Timer1_Init()
   4          {
   5   1          TMOD &= 0xF0; // 0000 0001 
   6   1          TMOD |= 0x01;
   7   1          
   8   1          TL0 = 0x18;
   9   1          TH0 = 0xFC;
  10   1          
  11   1          TF0 = 0;
  12   1          TR0 = 1;
  13   1          
  14   1          TH0 = 64535 / 256;
  15   1          TL0 = 64535 % 256;
  16   1          
  17   1        ET0 = 1;
  18   1        EA = 1;
  19   1        PT0 = 0;
  20   1      }
  21          
  22          void Timer0_Init()
  23          {
  24   1          TMOD &= 0xF0; // 0000 0001 
  25   1          TMOD |= 0x01;
  26   1          
  27   1          TL0 = 0x18;
  28   1          TH0 = 0xFC;
  29   1          
  30   1          TF0 = 0;
  31   1          TR0 = 1;
  32   1          
  33   1          TH0 = 64535 / 256;
  34   1          TL0 = 64535 % 256;
  35   1          
  36   1        ET0 = 1;
  37   1        EA = 1;
  38   1        PT0 = 0;
  39   1      }
  40          /**
  41          void Timer0_Routine() interrupt 1
  42          {
  43              static unsigned int T0Count;
  44              TL0 = 0x18;
  45              TH0 = 0xFC;
  46              T0Count++;
  47              if(T0Count >= 1000)
  48              {
  49                T0Count = 0;
  50                P2_0 = ~P2_0;
  51              }
  52          }
  53          **/

C51 COMPILER V9.54   TIMER0                                                                10/24/2021 13:52:53 PAGE 2   


MODULE INFORMATION:   STATIC OVERLAYABLE
   CODE SIZE        =     58    ----
   CONSTANT SIZE    =   ----    ----
   XDATA SIZE       =   ----    ----
   PDATA SIZE       =   ----    ----
   DATA SIZE        =   ----    ----
   IDATA SIZE       =   ----    ----
   BIT SIZE         =   ----    ----
END OF MODULE INFORMATION.


C51 COMPILATION COMPLETE.  0 WARNING(S),  0 ERROR(S)
