C51 COMPILER V9.54   UART                                                                  10/26/2021 19:42:43 PAGE 1   


C51 COMPILER V9.54, COMPILATION OF MODULE UART
OBJECT MODULE PLACED IN .\Objects\UART.obj
COMPILER INVOKED BY: D:\Keil_v5_2\C51\BIN\C51.EXE UART.c OPTIMIZE(8,SPEED) BROWSE DEBUG OBJECTEXTEND PRINT(.\Listings\UA
                    -RT.lst) TABS(2) OBJECT(.\Objects\UART.obj)

line level    source

   1          #include <REGX52.H>
   2          
   3          void UART_Init() //4800bps@12.000MHz
   4          {
   5   1          SCON = 0x50;
   6   1          PCON |= 0x80;   //使能波特率倍速位SMOD
   7   1        
   8   1          TMOD &= 0xF0; // 设置定时器模式
   9   1          TMOD |= 0x20;  // 设定定时器1为8位自动重装方式
  10   1          TL1 = 0xF3;   //设定定时初值
  11   1          TH1 = 0xF3;   //设定定时器重装
  12   1          ET1 = 0;    //禁止定时器1中断
  13   1          TR1 = 1;    //启动定时器1
  14   1        
  15   1        EA = 1;
  16   1        ES = 1;
  17   1      }
  18          
  19          void UART_SendByte(unsigned char Byte)
  20          {
  21   1        SBUF = Byte;
  22   1        while(TI == 0);
  23   1        TI = 0;
  24   1      }


MODULE INFORMATION:   STATIC OVERLAYABLE
   CODE SIZE        =     35    ----
   CONSTANT SIZE    =   ----    ----
   XDATA SIZE       =   ----    ----
   PDATA SIZE       =   ----    ----
   DATA SIZE        =   ----    ----
   IDATA SIZE       =   ----    ----
   BIT SIZE         =   ----    ----
END OF MODULE INFORMATION.


C51 COMPILATION COMPLETE.  0 WARNING(S),  0 ERROR(S)
