C51 COMPILER V9.54   MAIN                                                                  09/25/2021 09:19:11 PAGE 1   


C51 COMPILER V9.54, COMPILATION OF MODULE MAIN
OBJECT MODULE PLACED IN .\Objects\main.obj
COMPILER INVOKED BY: D:\Keil_v5_2\C51\BIN\C51.EXE main.c OPTIMIZE(8,SPEED) BROWSE DEBUG OBJECTEXTEND PRINT(.\Listings\ma
                    -in.lst) TABS(2) OBJECT(.\Objects\main.obj)

line level    source

   1          #include <REGX52.H>
   2          
   3          void delayms(unsigned int xms)
   4          {
   5   1        unsigned char i,j;
   6   1        while(xms--)
   7   1        {
   8   2          i = 2;
   9   2          j = 239;
  10   2          do
  11   2          {
  12   3            while (--j);
  13   3          }while (--i);
  14   2        }
  15   1      }
  16          
  17          unsigned char lednum = 0;
  18          void main()
  19          {
  20   1        
  21   1        while(1){
  22   2          if(P3_1 == 0){
  23   3            delayms(20);
  24   3            while(P3_1 == 0);
  25   3            delayms(20);
  26   3            
  27   3            if(lednum >= 8)
  28   3              lednum = 0;
  29   3            P2 = ~(0x01<<lednum);
  30   3            lednum++;
  31   3            
  32   3          }
  33   2          
  34   2          if(P3_0 == 0){
  35   3            delayms(20);
  36   3            while(P3_0 == 0);
  37   3            delayms(20);
  38   3            
  39   3            if(lednum == 0)
  40   3              lednum = 8;
  41   3            else
  42   3              lednum--;
  43   3            P2 = ~(0x01<<lednum);
  44   3            
  45   3            
  46   3          }
  47   2        }
  48   1      }


MODULE INFORMATION:   STATIC OVERLAYABLE
   CODE SIZE        =    106    ----
   CONSTANT SIZE    =   ----    ----
   XDATA SIZE       =   ----    ----
C51 COMPILER V9.54   MAIN                                                                  09/25/2021 09:19:11 PAGE 2   

   PDATA SIZE       =   ----    ----
   DATA SIZE        =      1    ----
   IDATA SIZE       =   ----    ----
   BIT SIZE         =   ----    ----
END OF MODULE INFORMATION.


C51 COMPILATION COMPLETE.  0 WARNING(S),  0 ERROR(S)
