C51 COMPILER V9.54   MAIN                                                                  10/03/2021 19:41:08 PAGE 1   


C51 COMPILER V9.54, COMPILATION OF MODULE MAIN
OBJECT MODULE PLACED IN main.OBJ
COMPILER INVOKED BY: D:\Keil_v5_2\C51\BIN\C51.EXE main.c OPTIMIZE(8,SPEED) BROWSE DEBUG OBJECTEXTEND PRINT(.\Listings\ma
                    -in.lst) TABS(2)

line level    source

   1          #include "Delay.h"
   2          #include "LCD1602.h"
   3          #include "MatrixKey.h"
   4          
   5          unsigned char KeyNum;
   6          unsigned int Password,Count;
   7          
   8          void main()
   9          {
  10   1        LCD_Init();
  11   1        LCD_ShowString(1,1,"Password:");
  12   1        while(1)
  13   1        {
  14   2          KeyNum=MatrixKey();
  15   2          if(KeyNum)
  16   2          {
  17   3            if(KeyNum<=10)  //如果S1~S10按键按下，输入密码
  18   3            {
  19   4              if(Count<4) //如果输入次数小于4
  20   4              {
  21   5                Password*=10;       //密码左移一位
  22   5                Password+=KeyNum%10;    //获取一位密码
  23   5                Count++;  //计次加一
  24   5              }
  25   4              LCD_ShowNum(2,1,Password,4);  //更新显示
  26   4            }
  27   3            if(KeyNum==11)  //如果S11按键按下，确认
  28   3            {
  29   4              if(Password==6870)  //如果密码等于正确密码
  30   4              {
  31   5                LCD_ShowString(1,14,"OK "); //显示OK
  32   5                Password=0;   //密码清零
  33   5                Count=0;    //计次清零
  34   5                LCD_ShowNum(2,1,Password,4);  //更新显示
  35   5              }
  36   4              else        //否则
  37   4              {
  38   5                LCD_ShowString(1,14,"ERR"); //显示ERR
  39   5                Password=0;   //密码清零
  40   5                Count=0;    //计次清零
  41   5                LCD_ShowNum(2,1,Password,4);  //更新显示
  42   5              }
  43   4            }
  44   3            if(KeyNum==12)  //如果S12按键按下，取消
  45   3            {
  46   4              Password=0;   //密码清零
  47   4              Count=0;    //计次清零
  48   4              LCD_ShowNum(2,1,Password,4);  //更新显示
  49   4            }
  50   3          }
  51   2        }
  52   1      }


C51 COMPILER V9.54   MAIN                                                                  10/03/2021 19:41:08 PAGE 2   

MODULE INFORMATION:   STATIC OVERLAYABLE
   CODE SIZE        =    189    ----
   CONSTANT SIZE    =     18    ----
   XDATA SIZE       =   ----    ----
   PDATA SIZE       =   ----    ----
   DATA SIZE        =      5    ----
   IDATA SIZE       =   ----    ----
   BIT SIZE         =   ----    ----
END OF MODULE INFORMATION.


C51 COMPILATION COMPLETE.  0 WARNING(S),  0 ERROR(S)
