C51 COMPILER V9.54   MAIN                                                                  11/15/2021 11:27:29 PAGE 1   


C51 COMPILER V9.54, COMPILATION OF MODULE MAIN
OBJECT MODULE PLACED IN .\Objects\main.obj
COMPILER INVOKED BY: D:\Keil_v5_2\C51\BIN\C51.EXE main.c OPTIMIZE(8,SPEED) BROWSE DEBUG OBJECTEXTEND PRINT(.\Listings\ma
                    -in.lst) TABS(2) OBJECT(.\Objects\main.obj)

line level    source

   1          #include "MatrixLED.h"
   2          
   3          //动画数据
   4          unsigned char code Animation[]={
   5            0x3C,0x42,0xA9,0x85,0x85,0xA9,0x42,0x3C,
   6            0x3C,0x42,0xA1,0x85,0x85,0xA1,0x42,0x3C,
   7            0x3C,0x42,0xA5,0x89,0x89,0xA5,0x42,0x3C,
   8          };
   9          unsigned char code strAnimation[]={
  10          /*--  文字:  金  --*/
  11          /*--  宋体5;  此字体下对应的点阵为：宽x高=7x7   --*/
  12          /*--  宽度不是8的倍数，现调整为：宽度x高度=8x7  --*/
  13          0x0C,0x1E,0x3B,0x7F,0x6F,0x3B,0x1F,
  14          
  15          /*--  文字:  桐  --*/
  16          /*--  宋体5;  此字体下对应的点阵为：宽x高=7x7   --*/
  17          /*--  宽度不是8的倍数，现调整为：宽度x高度=8x7  --*/
  18          0x1E,0x00,0x16,0x7F,0x7F,0x7F,0x7F,
  19          
  20          /*--  文字:  是  --*/
  21          /*--  宋体5;  此字体下对应的点阵为：宽x高=7x7   --*/
  22          /*--  宽度不是8的倍数，现调整为：宽度x高度=8x7  --*/
  23          0x5E,0x5E,0x7F,0x00,0x04,0x07,0x7F,
  24          
  25          /*--  文字:  真  --*/
  26          /*--  宋体5;  此字体下对应的点阵为：宽x高=7x7   --*/
  27          /*--  宽度不是8的倍数，现调整为：宽度x高度=8x7  --*/
  28          0x7D,0x6F,0x7F,0x7E,0x0E,0x00,0x21,
  29          
  30          /*--  文字:  的  --*/
  31          /*--  宋体5;  此字体下对应的点阵为：宽x高=7x7   --*/
  32          /*--  宽度不是8的倍数，现调整为：宽度x高度=8x7  --*/
  33          0x21,0x3F,0x7F,0x7F,0x7F,0x7F,0x63,
  34          
  35          /*--  文字:  ！  --*/
  36          /*--  宋体5;  此字体下对应的点阵为：宽x高=7x7   --*/
  37          /*--  宽度不是8的倍数，现调整为：宽度x高度=8x7  --*/
  38          0x00,0x3F,0x7F,0x64,0x7F,0x3F,0x7C,
  39          
  40          /*--  文字:  ！  --*/
  41          /*--  宋体5;  此字体下对应的点阵为：宽x高=7x7   --*/
  42          /*--  宽度不是8的倍数，现调整为：宽度x高度=8x7  --*/
  43          0x54,0x3F,0x00,0x00,0x00,0x3F,0x3F,
  44          
  45          /*--  文字:  ！  --*/
  46          /*--  宋体5;  此字体下对应的点阵为：宽x高=7x7   --*/
  47          /*--  宽度不是8的倍数，现调整为：宽度x高度=8x7  --*/
  48          0x00,0x00,0x00,0x00,0x00,0x00,0x00,
  49          };
  50          
  51          void main()
  52          {
  53   1          unsigned char i, offset = 0, Count = 0;
  54   1          MatrixLED_Init();
C51 COMPILER V9.54   MAIN                                                                  11/15/2021 11:27:29 PAGE 2   

  55   1          while(1)
  56   1          {
  57   2            for(i = 0; i < 8; i++){
  58   3                MatrixLED_ShowColumn(i, strAnimation[i + offset]);
  59   3            }
  60   2            
  61   2            Count++;
  62   2            if(Count > 10){
  63   3               Count = 0;
  64   3               offset+= 1; //offset++;// offset+= 8;
  65   3               if(offset > 7*8){
  66   4                  offset  = 0;
  67   4               }
  68   3            }
  69   2          }
  70   1      }


MODULE INFORMATION:   STATIC OVERLAYABLE
   CODE SIZE        =     62    ----
   CONSTANT SIZE    =     80    ----
   XDATA SIZE       =   ----    ----
   PDATA SIZE       =   ----    ----
   DATA SIZE        =   ----       3
   IDATA SIZE       =   ----    ----
   BIT SIZE         =   ----    ----
END OF MODULE INFORMATION.


C51 COMPILATION COMPLETE.  0 WARNING(S),  0 ERROR(S)
