C51 COMPILER V9.54   MAIN                                                                  10/16/2021 12:07:07 PAGE 1   


C51 COMPILER V9.54, COMPILATION OF MODULE MAIN
OBJECT MODULE PLACED IN .\Objects\main.obj
COMPILER INVOKED BY: D:\Keil_v5_2\C51\BIN\C51.EXE main.c OPTIMIZE(8,SPEED) BROWSE DEBUG OBJECTEXTEND PRINT(.\Listings\ma
                    -in.lst) TABS(2) OBJECT(.\Objects\main.obj)

line level    source

   1          #include <REGX52.H>
   2          #include "Timer0.h"
   3          #include "Key.h"
   4          #include <INTRINS.H>
   5          
   6          unsigned char KeyNum,LEDMode;
   7          void main()
   8          {
   9   1        P2 = 0xFE;
  10   1          Timer0_Init();
  11   1          while(1)
  12   1          {
  13   2            KeyNum = Key();
  14   2            if(KeyNum )
  15   2            {
  16   3              if(KeyNum == 1){
  17   4                LEDMode++;
  18   4                if(LEDMode >= 2) LEDMode = 0;
  19   4              }
  20   3            }
  21   2              
  22   2          }
  23   1      }
  24          
  25          
  26          void Timer0_Routine() interrupt 1
  27          {
  28   1          static unsigned int T0Count;
  29   1          TL0 = 0x18;
  30   1          TH0 = 0xFC;
  31   1          T0Count++;
  32   1          if(T0Count >= 500)
  33   1          {
  34   2            T0Count = 0;
  35   2            if(LEDMode == 0)
  36   2            {
  37   3              P2 = _cror_(P2, 1);
  38   3            }
  39   2            if(LEDMode == 1)
  40   2              P2 = _crol_(P2, 1);
  41   2          }
  42   1      }


MODULE INFORMATION:   STATIC OVERLAYABLE
   CODE SIZE        =    116    ----
   CONSTANT SIZE    =   ----    ----
   XDATA SIZE       =   ----    ----
   PDATA SIZE       =   ----    ----
   DATA SIZE        =      4    ----
   IDATA SIZE       =   ----    ----
   BIT SIZE         =   ----    ----
END OF MODULE INFORMATION.


C51 COMPILATION COMPLETE.  0 WARNING(S),  0 ERROR(S)
