C51 COMPILER V9.54   TIMER0                                                                10/16/2021 12:07:08 PAGE 1   


C51 COMPILER V9.54, COMPILATION OF MODULE TIMER0
OBJECT MODULE PLACED IN .\Objects\Timer0.obj
COMPILER INVOKED BY: D:\Keil_v5_2\C51\BIN\C51.EXE Timer0.c OPTIMIZE(8,SPEED) BROWSE DEBUG OBJECTEXTEND PRINT(.\Listings\
                    -Timer0.lst) TABS(2) OBJECT(.\Objects\Timer0.obj)

line level    source

   1          #include "Timer0.h"
   2          
   3          
   4          void Timer0_Init()
   5          {
   6   1          TMOD &= 0xF0; // 0000 0001 
   7   1          TMOD |= 0x01;
   8   1          
   9   1          TL0 = 0x18;
  10   1          TH0 = 0xFC;
  11   1          
  12   1          TF0 = 0;
  13   1          TR0 = 1;
  14   1          
  15   1          TH0 = 64535 / 256;
  16   1          TL0 = 64535 % 256;
  17   1          
  18   1        ET0 = 1;
  19   1        EA = 1;
  20   1        PT0 = 0;
  21   1      }
  22          /**
  23          void Timer0_Routine() interrupt 1
  24          {
  25              static unsigned int T0Count;
  26              TL0 = 0x18;
  27              TH0 = 0xFC;
  28              T0Count++;
  29              if(T0Count >= 1000)
  30              {
  31                T0Count = 0;
  32                P2_0 = ~P2_0;
  33              }
  34          }
  35          **/


MODULE INFORMATION:   STATIC OVERLAYABLE
   CODE SIZE        =     29    ----
   CONSTANT SIZE    =   ----    ----
   XDATA SIZE       =   ----    ----
   PDATA SIZE       =   ----    ----
   DATA SIZE        =   ----    ----
   IDATA SIZE       =   ----    ----
   BIT SIZE         =   ----    ----
END OF MODULE INFORMATION.


C51 COMPILATION COMPLETE.  0 WARNING(S),  0 ERROR(S)
