C51 COMPILER V9.54   MAIN                                                                  09/25/2021 20:08:33 PAGE 1   


C51 COMPILER V9.54, COMPILATION OF MODULE MAIN
OBJECT MODULE PLACED IN .\Objects\main.obj
COMPILER INVOKED BY: D:\Keil_v5_2\C51\BIN\C51.EXE main.c OPTIMIZE(8,SPEED) BROWSE DEBUG OBJECTEXTEND PRINT(.\Listings\ma
                    -in.lst) TABS(2) OBJECT(.\Objects\main.obj)

line level    source

   1          #include <REGX52.H>
   2          
   3          void delayms(unsigned int xms)
   4          {
   5   1        unsigned char i,j;
   6   1        while(xms--)
   7   1        {
   8   2          i = 2;
   9   2          j = 239;
  10   2          do
  11   2          {
  12   3            while (--j);
  13   3          }while (--i);
  14   2        }
  15   1      }
  16          
  17          unsigned char nixieTable[] = {0x3F,0x06,0x5B,0x4F,0x66,0x6D,0x7D,0x07,0x7F,0x6F,0x77,0x7C,0x39,0x5E,0x79,0
             -x00};
  18          void Nixie(unsigned char location, unsigned char number)
  19          {
  20   1        switch(location)
  21   1        {
  22   2          case 1:P2_4 = 1; P2_3 = 1; P2_2 = 1; break;
  23   2          case 2:P2_4 = 1; P2_3 = 1; P2_2 = 0; break;
  24   2          case 3:P2_4 = 1; P2_3 = 0; P2_2 = 1; break;
  25   2          case 4:P2_4 = 1; P2_3 = 0; P2_2 = 0; break;
  26   2          case 5:P2_4 = 0; P2_3 = 1; P2_2 = 1; break;
  27   2          case 6:P2_4 = 0; P2_3 = 1; P2_2 = 0; break;
  28   2          case 7:P2_4 = 0; P2_3 = 0; P2_2 = 1; break;
  29   2          case 8:P2_4 = 0; P2_3 = 0; P2_2 = 0; break;
  30   2        }
  31   1        P0 = nixieTable[number];
  32   1        delayms(1);
  33   1        P0 = 0x00;
  34   1        
  35   1      }
  36          
  37          void main()
  38          {
  39   1      
  40   1        while(1)
  41   1        {
  42   2          Nixie(1,6);
  43   2          //delayms(500);
  44   2          Nixie(2,8);
  45   2          //delayms(500);
  46   2          Nixie(3,7);
  47   2        }
  48   1      }


MODULE INFORMATION:   STATIC OVERLAYABLE
   CODE SIZE        =    153    ----
   CONSTANT SIZE    =   ----    ----
C51 COMPILER V9.54   MAIN                                                                  09/25/2021 20:08:33 PAGE 2   

   XDATA SIZE       =   ----    ----
   PDATA SIZE       =   ----    ----
   DATA SIZE        =     16    ----
   IDATA SIZE       =   ----    ----
   BIT SIZE         =   ----    ----
END OF MODULE INFORMATION.


C51 COMPILATION COMPLETE.  0 WARNING(S),  0 ERROR(S)
