C51 COMPILER V9.54   MAIN                                                                  09/25/2021 08:59:47 PAGE 1   


C51 COMPILER V9.54, COMPILATION OF MODULE MAIN
OBJECT MODULE PLACED IN .\Objects\MAIN.obj
COMPILER INVOKED BY: D:\Keil_v5_2\C51\BIN\C51.EXE MAIN.c OPTIMIZE(8,SPEED) BROWSE DEBUG OBJECTEXTEND PRINT(.\Listings\MA
                    -IN.lst) TABS(2) OBJECT(.\Objects\MAIN.obj)

line level    source

   1          #include <REGX52.H>
   2          
   3          void delayms(unsigned int xms)
   4          {
   5   1        unsigned char i,j;
   6   1        while(xms--)
   7   1        {
   8   2          i = 2;
   9   2          j = 239;
  10   2          do
  11   2          {
  12   3            while (--j);
  13   3          }while (--i);
  14   2        }
  15   1      }
  16          
  17          void main()
  18          {
  19   1        unsigned char lednum = 0;
  20   1        while(1){
  21   2          if(P3_1 == 0){
  22   3            delayms(20);
  23   3            while(P3_1 == 0);
  24   3            delayms(20);
  25   3            
  26   3            lednum++;
  27   3            P2 = ~lednum;
  28   3            
  29   3          }
  30   2        }
  31   1      }


MODULE INFORMATION:   STATIC OVERLAYABLE
   CODE SIZE        =     50    ----
   CONSTANT SIZE    =   ----    ----
   XDATA SIZE       =   ----    ----
   PDATA SIZE       =   ----    ----
   DATA SIZE        =   ----    ----
   IDATA SIZE       =   ----    ----
   BIT SIZE         =   ----    ----
END OF MODULE INFORMATION.


C51 COMPILATION COMPLETE.  0 WARNING(S),  0 ERROR(S)
